* using log directory ‘/Users/omarwagih/Development/ggseqlogo/..Rcheck’
* using R version 3.3.1 (2016-06-21)
* using platform: x86_64-apple-darwin13.4.0 (64-bit)
* using session charset: UTF-8
* using option ‘--as-cran’
* checking for file ‘./DESCRIPTION’ ... OK
* checking extension type ... Package
* this is package ‘ggseqlogo’ version ‘0.0.1’
* checking CRAN incoming feasibility ... NOTE
Maintainer: ‘Omar Wagih <wagih@ebi.ac.uk>’

New submission

The Title field should be in title case, current version then in title case:
‘Beautiful and versatile sequence logos’
‘Beautiful and Versatile Sequence Logos’

The Description field should not start with the package name,
  'This package' or similar.
* checking package namespace information ... OK
* checking package dependencies ... OK
* checking if this is a source package ... OK
* checking if there is a namespace ... OK
* checking for executable files ... WARNING
Found the following executable files:
  .git/objects/02/12fc452bbf28093e4d3a516c4b3144bd4df067
  .git/objects/03/bbacd4f63418e48f6c80ede369cde4e0cee592
  .git/objects/07/31b64f892d6252874fa669be40fabf1047f390
  .git/objects/07/b78461f0ed20507f460c61b63ce03710e5bea1
  .git/objects/0c/7d28d8d9ef25e8c4ab7ed3ac216d19235e5ba6
  .git/objects/0d/d1d9be5be49b3b2338e76d563482736952ead2
  .git/objects/10/63d1995c059dbfe1dff0b2b687abf8511b8229
  .git/objects/10/9d57d0c0710dfd40dcc38c6def8200884d19b0
  .git/objects/11/febb41ffe708d8f8ee7cbee3c3c85d1749d40d
  .git/objects/15/cdb6d86c4baf3283b7514564ddafed12e8c3bb
  .git/objects/17/5241461fc73b793bb7e4f652c2fe5f23e29655
  .git/objects/17/dd206910d571a3d719f739d03533df7e1289b8
  .git/objects/1a/e0950398dfa708a87ecb78850148089569f986
  .git/objects/1b/a9ede7e906a9ed03d9ed8c611681d39090d715
  .git/objects/1d/3ec3b43e77c1092fef9506853d57c945e944b2
  .git/objects/1e/c2090436d00f8130415662450b19b290713502
  .git/objects/20/6342ff6e5349cb6ae2cae47b01c23991360882
  .git/objects/23/fcbee1ec086308054f09421a15fc1625147d32
  .git/objects/27/268a1dd41d9b60d482aaadce6a44dbf9f43df1
  .git/objects/28/908c9b1bea0ae921a0600c8d4056f5ef72bd67
  .git/objects/2b/da2259cdf580a5ecef1ef8e024421bb1468861
  .git/objects/2b/e408da939f02d542d2a6f8d4014f8dff0bb644
  .git/objects/2d/9eb152c3d277e2119c327d070ab6563fa320ad
  .git/objects/34/c3037c039621c530671529cf855dfd96ef479e
  .git/objects/36/4d49687be45194749fbabbc6032c68fe8ab1f3
  .git/objects/37/9c4e14e635007b39c3e22f59c2b678c23930f2
  .git/objects/38/1fd68e8bb15065a0bbf26f59cbd45222c94005
  .git/objects/38/4ec583bafcee553c98b107481995c75bac707b
  .git/objects/3b/38813c285c63e6b045a601679ce64ae33c8421
  .git/objects/3c/21ea587396e0eb09d918bcaa039f0ee7f93571
  .git/objects/3d/5603bcfc82bcdd630103324a2949a238b47788
  .git/objects/3d/ad610acb98b35f10d33f32e7ee7661aca94c32
  .git/objects/41/6feb9119b1319f027cbadffdff6a96b4f27f1a
  .git/objects/44/25bd717c7b7ba969e48ac58a555e3f1144f369
  .git/objects/44/82fd095fc45338fb6ccfb93107112141778800
  .git/objects/44/c56e829fe7a47a45ccf660af9bd574318c434e
  .git/objects/46/3d9aa107f97780ff1de6283eddd1a50d0c40c6
  .git/objects/49/38177a8b89ad256a9de934ad7d15372aa05bec
  .git/objects/4d/f6c8e03999936bebddaa925d0c286264188bf3
  .git/objects/4f/35f7fe5bd031a5a8714121624be7f9d628adcc
  .git/objects/50/08ddfcf53c02e82d7eee2e57c38e5672ef89f6
  .git/objects/50/6165d58a13e5964163f3ab25de3f0e7e9d1b20
  .git/objects/52/875f19e19dd38e6c4c3a8a05fcfe905a328cd0
  .git/objects/59/e9d30afb166f3fbe6bc3e92e52a42f2b2f19f3
  .git/objects/5b/3f2a51deb3cc6522f53c8c111bc3a45103f3ee
  .git/objects/5c/5117f5193b129c87dafdf7037ddb95a5dc0c6b
  .git/objects/5e/41bb7fc685716f880a661703140341a72574cb
  .git/objects/5e/8238374cd3393aa35e01311098298039fab80f
  .git/objects/5f/3add7ac688ec489631c01d4dca82734c4f2411
  .git/objects/62/ebd39a6895f158e4bd324845b76ed9213994dd
  .git/objects/63/312e9e6865d663909d27af3e32f0e611886bdc
  .git/objects/64/3fa6fa5a6c2cf957957280715e03e91a214c96
  .git/objects/64/eae21a85887ca73a16fcb8c6219332f5529dec
  .git/objects/65/4d650bc768bcf846d99c3b9e87b114c13fb00e
  .git/objects/65/ae7783785187c64289df4114b5fc8ce4656417
  .git/objects/66/9768193f90209d6152400ce3d8bfb8e45ec747
  .git/objects/68/0d5216a96d8481839f1eb7567aad4596c5b89f
  .git/objects/68/8d4f98696b4e45705c400a864c0c963586b464
  .git/objects/68/aeddda57a3b122d136e92e07359aaf1aa12de9
  .git/objects/6b/d67e8fba5aee07c6be3b5581f1fd3543d3bf6c
  .git/objects/6c/4249a5a8c2c7ae5683651aa9d12a6e0dae0564
  .git/objects/70/834f6435b2f26e28108d0467437e9e567de142
  .git/objects/70/e902047ac10e8358c89a5a74ffd266d1867de8
  .git/objects/71/0c89eeb82bf8d6ee7ede39b4e7f2520ceaa666
  .git/objects/76/062331cb2f3931b4847d68cbd4818c73817021
  .git/objects/78/ac628d3e759f22ed4912213c430177a0cfd773
  .git/objects/7c/770d6514ef13b7f1588dd3951da42c4c236508
  .git/objects/7d/1fe693a40492f821ca347a95a22a8de6d53468
  .git/objects/7d/fa7ff168d031dcf92f44e8d9998f38bbc605c5
  .git/objects/7e/fd371892223e3e2555c15a911d396f6bb319a5
  .git/objects/80/1315ee49ce8ce1119a3aa7c2a361b11c79dbf8
  .git/objects/81/078e27dfcd62bd5aef0b2edea431f7db820c7e
  .git/objects/85/41f6ec5393f9262edbbafeb1fc06b2952f4fa4
  .git/objects/87/2495ddab9e6342fc9ed6e49a68a2505f351535
  .git/objects/8d/29129f6cd3daf7bc76c584bf547bb4332e9ccb
  .git/objects/8f/a35a1f8bf18a2d8d55669aa9749a5508094dd0
  .git/objects/90/daddbe85c16902d1f3bf9869d06e84bb85d2ee
  .git/objects/92/c891f03771d2f6d2038933c309b54f7764ea4b
  .git/objects/92/df5b15b6de2fc23f31e35f83c2c47bb738c47c
  .git/objects/92/ee413c8681e3efe602a876843b264e0323d949
  .git/objects/9a/dbc70c448ad41bb5e893563e001268309196c3
  .git/objects/9c/bb32031cd2e53cec48083b80e01061cb93669a
  .git/objects/a1/7ebc8cd558fb0ce2588cec26195c363accd298
  .git/objects/a2/2673795bc1cf46d0c7d401df3a10c794025fd7
  .git/objects/a7/46e8c3a60c640971f7524b2da8c22d67a3f298
  .git/objects/a9/f91755a820760a5b6a38edfcd0fbd53869d384
  .git/objects/aa/6ef2c9d8b86b849053e643084c48c190bd7974
  .git/objects/ac/5903c3579d1ed7e14f77d259a412aed6e73ab9
  .git/objects/b2/389a9e51e6acd193b05da1bf7f81f4b4aad481
  .git/objects/b2/502949e2cde333413206964db53a476b80a7dc
  .git/objects/b6/7c04e45201e14b8fe27f513f5c986350c56d5d
  .git/objects/b6/fbd80d450af010776eb839b164b7b3151ae0eb
  .git/objects/bd/a004891dfcf9e6040652be77becfb3a8dd8410
  .git/objects/bf/57592f8783e24b62f8f019dafcf18b4b909eac
  .git/objects/c0/884c1608e45357c09642f8a992614cec9e07ad
  .git/objects/c1/8f2414bd9cbf75c4c20b73cb6d174e0faf3d7b
  .git/objects/c1/d9315bb87a556339eb71c4f23433649d0eedbd
  .git/objects/c4/366c23bc780b1dea99b1a9c9d4f4c854e7a62e
  .git/objects/c8/26bc751eac860a3baa9048f1ff6ce9952fb2aa
  .git/objects/d3/724ce4200ad0593243d3c2fbc527228eb4b6c2
  .git/objects/d5/42bf6254ebd250d5205b82788f7b0667446c2d
  .git/objects/d6/187f2ac2a7125520c215680890089543a12d6e
  .git/objects/d6/945e1f1b33b05e510b197fad952a8643ad8c28
  .git/objects/d7/1d5454e98b59ed47eaa0869173394df438077e
  .git/objects/d7/87cae8c35fe8bd6708df6a90f4284e24668299
  .git/objects/d8/8798534beedb1f5c044a1287e9b1703bd83f6c
  .git/objects/db/4d41b2c7748220a7eb529f2c59c3ef7fc70888
  .git/objects/dc/61591dedef97287a042424a3b61c75555946ee
  .git/objects/dc/f23d3b092267213e7024f05b105dc50297d351
  .git/objects/df/7cddc4c2aa5ad95890d0704fc5f99e1c3558d7
  .git/objects/e2/984adc025e11a383c756a94d292f3f234fcbc0
  .git/objects/e4/3e2f07d5aa41e069529b2021e8654c3c5ce141
  .git/objects/e7/d69a27aa899494a0e9262a803c80df04951bd2
  .git/objects/ec/f97e33ab389b443454879e044fdc257c7c87c8
  .git/objects/ee/2e5cfb03ae9f91afe6680c1ace628753f1359d
  .git/objects/ef/6e5e5ddda19c6a419aa1adbdfa0e7fea2d4979
  .git/objects/f0/15e025081a5c0fc2a1e64a668a63dcb88c3e3c
  .git/objects/f0/29344262970e33484ca7f4d747792d70d4fc38
  .git/objects/f1/9e7c4b3eff918b897df1bc29bd31a04af0d219
  .git/objects/f6/496115d4d860ac54b96df5ebd5c89b6d46927b
  .git/objects/f7/75ab6cfb5ae9b71c5e8073d3947495a0861eac
  .git/objects/f7/dace350aef383fb701abc787d4a4f43c70fdfb
  .git/objects/fa/dc1a13757fa70e8c6570c52eb73157b8652041
  .git/objects/fb/290fe83d9c6450a0b1e4dcd10251f1e00cb1b8
  .git/objects/fd/cb2d0e378a29618b69a24a9341f7ba81b17c6d
Source packages should not contain undeclared executable files.
See section ‘Package structure’ in the ‘Writing R Extensions’ manual.
* checking for hidden files and directories ... NOTE
Found the following hidden files and directories:
  .DS_Store
  .gitignore
  .travis.yml
  R/.DS_Store
  inst/.DS_Store
  inst/extdata/.DS_Store
  inst/fonts/.DS_Store
  inst/fonts/.Rhistory
  man/.DS_Store
  ..Rcheck
  .git
These were most likely included in error. See section ‘Package
structure’ in the ‘Writing R Extensions’ manual.

CRAN-pack does not know about
  .DS_Store
  .travis.yml
  R/.DS_Store
  inst/.DS_Store
  inst/extdata/.DS_Store
  inst/fonts/.DS_Store
  man/.DS_Store
  ..Rcheck
  .git
* checking for portable file names ... OK
* checking for sufficient/correct file permissions ... OK
* checking whether package ‘ggseqlogo’ can be installed ... WARNING
Found the following significant warnings:
  Warning: package ‘ggplot2’ was built under R version 3.3.2
See ‘/Users/omarwagih/Development/ggseqlogo/..Rcheck/00install.out’ for details.
* checking installed package size ... OK
* checking package directory ... OK
* checking DESCRIPTION meta-information ... NOTE
Checking should be performed on sources prepared by ‘R CMD build’.
* checking top-level files ... OK
* checking for left-over files ... OK
* checking index information ... OK
* checking package subdirectories ... WARNING
Found the following directory with the name of a check directory:
  ./..Rcheck
Most likely, these were included erroneously.
Found the following directory with the name of a version control directory:
  ./.git
These should not be in a package tarball.
* checking R files for non-ASCII characters ... OK
* checking R files for syntax errors ... OK
* checking whether the package can be loaded ... OK
* checking whether the package can be loaded with stated dependencies ... OK
* checking whether the package can be unloaded cleanly ... OK
* checking whether the namespace can be loaded with stated dependencies ... OK
* checking whether the namespace can be unloaded cleanly ... OK
* checking use of S3 registration ... OK
* checking dependencies in R code ... OK
* checking S3 generic/method consistency ... OK
* checking replacement functions ... OK
* checking foreign function calls ... OK
* checking R code for possible problems ... NOTE
Found the following assignments to the global environment:
File ‘ggseqlogo/R/ggseqlogo.r’:
  assign(font_obj_name, readRDS(font_path), envir = .GlobalEnv)
* checking Rd files ... OK
* checking Rd metadata ... OK
* checking Rd line widths ... OK
* checking Rd cross-references ... WARNING
Error in find.package(package, lib.loc) : 
  there is no package called ‘spatial’
Calls: <Anonymous> -> lapply -> FUN -> find.package
Execution halted
* checking for missing documentation entries ... OK
* checking for code/documentation mismatches ... OK
* checking Rd \usage sections ... OK
* checking Rd contents ... OK
* checking for unstated dependencies in examples ... OK
* checking examples ... OK
* checking PDF version of manual ... OK
* DONE
Status: 4 WARNINGs, 4 NOTEs
